<?xml version="1.0" encoding="UTF-8"?>
<testsuite xmlns:xsi="http://www.w3.org/2001/XMLSchema-instance" xsi:schemaLocation="https://maven.apache.org/surefire/maven-surefire-plugin/xsd/surefire-test-report.xsd" name="TestSuite" time="38.121" tests="62" errors="0" skipped="61" failures="0">
  <properties>
    <property name="java.runtime.name" value="Java(TM) SE Runtime Environment"/>
    <property name="sun.boot.library.path" value="C:\Program Files\Java\jdk1.8.0_151\jre\bin"/>
    <property name="java.vm.version" value="25.151-b12"/>
    <property name="java.vm.vendor" value="Oracle Corporation"/>
    <property name="maven.multiModuleProjectDirectory" value="F:\JavaWithSelenium\UnityworksReportTest"/>
    <property name="java.vendor.url" value="http://java.oracle.com/"/>
    <property name="path.separator" value=";"/>
    <property name="guice.disable.misplaced.annotation.check" value="true"/>
    <property name="java.vm.name" value="Java HotSpot(TM) 64-Bit Server VM"/>
    <property name="file.encoding.pkg" value="sun.io"/>
    <property name="user.script" value=""/>
    <property name="user.country" value="IN"/>
    <property name="sun.java.launcher" value="SUN_STANDARD"/>
    <property name="sun.os.patch.level" value=""/>
    <property name="java.vm.specification.name" value="Java Virtual Machine Specification"/>
    <property name="user.dir" value="F:\JavaWithSelenium\UnityworksReportTest"/>
    <property name="java.runtime.version" value="1.8.0_151-b12"/>
    <property name="java.awt.graphicsenv" value="sun.awt.Win32GraphicsEnvironment"/>
    <property name="java.endorsed.dirs" value="C:\Program Files\Java\jdk1.8.0_151\jre\lib\endorsed"/>
    <property name="os.arch" value="amd64"/>
    <property name="java.io.tmpdir" value="C:\Users\GAURAV~1.SHA\AppData\Local\Temp\"/>
    <property name="line.separator" value="&#10;"/>
    <property name="java.vm.specification.vendor" value="Oracle Corporation"/>
    <property name="user.variant" value=""/>
    <property name="os.name" value="Windows 10"/>
    <property name="classworlds.conf" value="C:\Program Files\apache-maven-3.5.3-bin\apache-maven-3.5.3\bin\..\bin\m2.conf"/>
    <property name="sun.jnu.encoding" value="Cp1252"/>
    <property name="java.library.path" value="C:\Program Files\Java\jdk1.8.0_151\bin;C:\windows\Sun\Java\bin;C:\windows\system32;C:\windows;C:\Program Files (x86)\Intel\iCLS Client\;C:\ProgramData\Oracle\Java\javapath;C:\Program Files\Intel\iCLS Client\;C:\windows\system32;C:\windows;C:\windows\System32\Wbem;C:\windows\System32\WindowsPowerShell\v1.0\;C:\Program Files (x86)\Skype\Phone\;C:\Program Files\Microsoft SQL Server\120\Tools\Binn\;C:\Program Files\Microsoft SQL Server\Client SDK\ODBC\110\Tools\Binn\;C:\Program Files (x86)\Microsoft SQL Server\120\Tools\Binn\;C:\Program Files\Microsoft SQL Server\120\DTS\Binn\;C:\Program Files (x86)\Microsoft SQL Server\120\Tools\Binn\ManagementStudio\;C:\Program Files (x86)\Microsoft SQL Server\120\DTS\Binn\;C:\Program Files\TortoiseSVN\bin;C:\Program Files (x86)\Intel\Intel(R) Management Engine Components\DAL;C:\Program Files\Intel\Intel(R) Management Engine Components\DAL;C:\Program Files (x86)\Intel\Intel(R) Management Engine Components\IPT;C:\Program Files\Intel\Intel(R) Management Engine Components\IPT;C:\Program Files\MySQL\MySQL Utilities 1.6\;C:\Program Files\Git\cmd;C:\Program Files\apache-maven-3.5.3-bin\apache-maven-3.5.3\bin;C:\Python27;C:\Program Files\dotnet\;C:\Users\gaurav.sharma1\Desktop\Projects\ImageProcessing-Amardeep\zookeeper-3.4.12\zookeeper-3.4.12\bin;C:\Users\gaurav.sharma1\AppData\Local\Microsoft\WindowsApps;C:\Users\gaurav.sharma1\AppData\Local\Programs\EmEditor;C:\Users\gaurav.sharma1\AppData\Local\GitHubDesktop\bin;C:\Users\gaurav.sharma1\Desktop\Projects\ImageProcessing-Amardeep\apache-cassandra-3.11.2-bin\apache-cassandra-3.11.2\bin;C:\Python27;;."/>
    <property name="maven.conf" value="C:\Program Files\apache-maven-3.5.3-bin\apache-maven-3.5.3\bin\../conf"/>
    <property name="java.specification.name" value="Java Platform API Specification"/>
    <property name="java.class.version" value="52.0"/>
    <property name="sun.management.compiler" value="HotSpot 64-Bit Tiered Compilers"/>
    <property name="os.version" value="10.0"/>
    <property name="library.jansi.path" value="C:\Program Files\apache-maven-3.5.3-bin\apache-maven-3.5.3\bin\..\lib\jansi-native"/>
    <property name="user.home" value="C:\Users\gaurav.sharma1"/>
    <property name="user.timezone" value="Asia/Calcutta"/>
    <property name="java.awt.printerjob" value="sun.awt.windows.WPrinterJob"/>
    <property name="java.specification.version" value="1.8"/>
    <property name="file.encoding" value="Cp1252"/>
    <property name="user.name" value="Gaurav.Sharma1"/>
    <property name="java.class.path" value="C:\Program Files\apache-maven-3.5.3-bin\apache-maven-3.5.3\bin\..\boot\plexus-classworlds-2.5.2.jar"/>
    <property name="java.vm.specification.version" value="1.8"/>
    <property name="sun.arch.data.model" value="64"/>
    <property name="java.home" value="C:\Program Files\Java\jdk1.8.0_151\jre"/>
    <property name="sun.java.command" value="org.codehaus.plexus.classworlds.launcher.Launcher clean install"/>
    <property name="java.specification.vendor" value="Oracle Corporation"/>
    <property name="user.language" value="en"/>
    <property name="awt.toolkit" value="sun.awt.windows.WToolkit"/>
    <property name="java.vm.info" value="mixed mode"/>
    <property name="java.version" value="1.8.0_151"/>
    <property name="java.ext.dirs" value="C:\Program Files\Java\jdk1.8.0_151\jre\lib\ext;C:\windows\Sun\Java\lib\ext"/>
    <property name="sun.boot.class.path" value="C:\Program Files\Java\jdk1.8.0_151\jre\lib\resources.jar;C:\Program Files\Java\jdk1.8.0_151\jre\lib\rt.jar;C:\Program Files\Java\jdk1.8.0_151\jre\lib\sunrsasign.jar;C:\Program Files\Java\jdk1.8.0_151\jre\lib\jsse.jar;C:\Program Files\Java\jdk1.8.0_151\jre\lib\jce.jar;C:\Program Files\Java\jdk1.8.0_151\jre\lib\charsets.jar;C:\Program Files\Java\jdk1.8.0_151\jre\lib\jfr.jar;C:\Program Files\Java\jdk1.8.0_151\jre\classes"/>
    <property name="sun.stderr.encoding" value="cp437"/>
    <property name="java.vendor" value="Oracle Corporation"/>
    <property name="maven.home" value="C:\Program Files\apache-maven-3.5.3-bin\apache-maven-3.5.3\bin\.."/>
    <property name="file.separator" value="\"/>
    <property name="java.vendor.url.bug" value="http://bugreport.sun.com/bugreport/"/>
    <property name="sun.cpu.endian" value="little"/>
    <property name="sun.io.unicode.encoding" value="UnicodeLittle"/>
    <property name="sun.stdout.encoding" value="cp437"/>
    <property name="sun.desktop" value="windows"/>
    <property name="sun.cpu.isalist" value="amd64"/>
  </properties>
  <testcase name="doubleclickreportTest" classname="com.unityworks.testcases.AffinitiveTest" time="0">
    <skipped message="Skipping this exception"/>
    <system-err><![CDATA[SLF4J: Failed to load class "org.slf4j.impl.StaticLoggerBinder".
SLF4J: Defaulting to no-operation (NOP) logger implementation
SLF4J: See http://www.slf4j.org/codes.html#StaticLoggerBinder for further details.
Starting ChromeDriver 2.37.543627 (63642262d9fb93fb4ab52398be4286d844092a5e) on port 7595
Only local connections are allowed.
log4j:WARN No appenders could be found for logger (devpinoyLogger).
log4j:WARN Please initialize the log4j system properly.
log4j:WARN See http://logging.apache.org/log4j/1.2/faq.html#noconfig for more info.
]]></system-err>
  </testcase>
  <testcase name="doubleclickreportTest" classname="com.unityworks.testcases.AffinitiveTest" time="0">
    <skipped message="Skipping this exception"/>
  </testcase>
  <testcase name="verifyPageViewandReportTitle" classname="com.unityworks.testcases.AffinitiveTest" time="33.405"/>
  <testcase name="verifyPageViewandReportTitle" classname="com.unityworks.testcases.AffinitiveTest" time="0">
    <skipped message="Skipping this exception"/>
  </testcase>
  <testcase name="verifyPageViewandReportTitle" classname="com.unityworks.testcases.AffinitiveTest" time="0">
    <skipped message="Skipping this exception"/>
  </testcase>
  <testcase name="verifyPageViewandReportTitle" classname="com.unityworks.testcases.AffinitiveTest" time="0">
    <skipped message="Skipping this exception"/>
  </testcase>
  <testcase name="verifyPageViewandReportTitle" classname="com.unityworks.testcases.AffinitiveTest" time="0">
    <skipped message="Skipping this exception"/>
  </testcase>
  <testcase name="verifyPageViewandReportTitle" classname="com.unityworks.testcases.AffinitiveTest" time="0">
    <skipped message="Skipping this exception"/>
  </testcase>
  <testcase name="verifyPageViewandReportTitle" classname="com.unityworks.testcases.AffinitiveTest" time="0">
    <skipped message="Skipping this exception"/>
  </testcase>
  <testcase name="verifyPageViewandReportTitle" classname="com.unityworks.testcases.AffinitiveTest" time="0">
    <skipped message="Skipping this exception"/>
  </testcase>
  <testcase name="verifyPageViewandReportTitle" classname="com.unityworks.testcases.AffinitiveTest" time="0">
    <skipped message="Skipping this exception"/>
  </testcase>
  <testcase name="verifyPageViewandReportTitle" classname="com.unityworks.testcases.AffinitiveTest" time="0">
    <skipped message="Skipping this exception"/>
  </testcase>
  <testcase name="verifyPageViewandReportTitle" classname="com.unityworks.testcases.AffinitiveTest" time="0">
    <skipped message="Skipping this exception"/>
  </testcase>
  <testcase name="verifyPageViewandReportTitle" classname="com.unityworks.testcases.AffinitiveTest" time="0">
    <skipped message="Skipping this exception"/>
  </testcase>
  <testcase name="verifyPageViewandReportTitle" classname="com.unityworks.testcases.AffinitiveTest" time="0">
    <skipped message="Skipping this exception"/>
  </testcase>
  <testcase name="verifyPageViewandReportTitle" classname="com.unityworks.testcases.AffinitiveTest" time="0">
    <skipped message="Skipping this exception"/>
  </testcase>
  <testcase name="verifyPageViewandReportTitle" classname="com.unityworks.testcases.AffinitiveTest" time="0">
    <skipped message="Skipping this exception"/>
  </testcase>
  <testcase name="verifyPageViewandReportTitle" classname="com.unityworks.testcases.AffinitiveTest" time="0">
    <skipped message="Skipping this exception"/>
  </testcase>
  <testcase name="verifyPageViewandReportTitle" classname="com.unityworks.testcases.AffinitiveTest" time="0">
    <skipped message="Skipping this exception"/>
  </testcase>
  <testcase name="verifyPageViewandReportTitle" classname="com.unityworks.testcases.AffinitiveTest" time="0">
    <skipped message="Skipping this exception"/>
  </testcase>
  <testcase name="verifyPageViewandReportTitle" classname="com.unityworks.testcases.AffinitiveTest" time="0">
    <skipped message="Skipping this exception"/>
  </testcase>
  <testcase name="verifyPageViewandReportTitle" classname="com.unityworks.testcases.AffinitiveTest" time="0">
    <skipped message="Skipping this exception"/>
  </testcase>
  <testcase name="verifyPageViewandReportTitle" classname="com.unityworks.testcases.AffinitiveTest" time="0">
    <skipped message="Skipping this exception"/>
  </testcase>
  <testcase name="verifyPageViewandReportTitle" classname="com.unityworks.testcases.AffinitiveTest" time="0">
    <skipped message="Skipping this exception"/>
  </testcase>
  <testcase name="verifyPageViewandReportTitle" classname="com.unityworks.testcases.AffinitiveTest" time="0">
    <skipped message="Skipping this exception"/>
  </testcase>
  <testcase name="verifyPageViewandReportTitle" classname="com.unityworks.testcases.AffinitiveTest" time="0">
    <skipped message="Skipping this exception"/>
  </testcase>
  <testcase name="verifyPageViewandReportTitle" classname="com.unityworks.testcases.AffinitiveTest" time="0">
    <skipped message="Skipping this exception"/>
  </testcase>
  <testcase name="verifyPageViewandReportTitle" classname="com.unityworks.testcases.AffinitiveTest" time="0">
    <skipped message="Skipping this exception"/>
  </testcase>
  <testcase name="verifyPageViewandReportTitle" classname="com.unityworks.testcases.AffinitiveTest" time="0">
    <skipped message="Skipping this exception"/>
  </testcase>
  <testcase name="verifyPageViewandReportTitle" classname="com.unityworks.testcases.AffinitiveTest" time="0">
    <skipped message="Skipping this exception"/>
  </testcase>
  <testcase name="verifyPageViewandReportTitle" classname="com.unityworks.testcases.AffinitiveTest" time="0">
    <skipped message="Skipping this exception"/>
  </testcase>
  <testcase name="verifyPageViewandReportTitle" classname="com.unityworks.testcases.AffinitiveTest" time="0">
    <skipped message="Skipping this exception"/>
  </testcase>
  <testcase name="verifyPageViewandReportTitle" classname="com.unityworks.testcases.AffinitiveTest" time="0">
    <skipped message="Skipping this exception"/>
  </testcase>
  <testcase name="verifyPageViewandReportTitle" classname="com.unityworks.testcases.AffinitiveTest" time="0">
    <skipped message="Skipping this exception"/>
  </testcase>
  <testcase name="verifyPageViewandReportTitle" classname="com.unityworks.testcases.AffinitiveTest" time="0">
    <skipped message="Skipping this exception"/>
  </testcase>
  <testcase name="verifyPageViewandReportTitle" classname="com.unityworks.testcases.AffinitiveTest" time="0">
    <skipped message="Skipping this exception"/>
  </testcase>
  <testcase name="verifyPageViewandReportTitle" classname="com.unityworks.testcases.AffinitiveTest" time="0">
    <skipped message="Skipping this exception"/>
  </testcase>
  <testcase name="verifyPageViewandReportTitle" classname="com.unityworks.testcases.AffinitiveTest" time="0">
    <skipped message="Skipping this exception"/>
  </testcase>
  <testcase name="verifyPageViewandReportTitle" classname="com.unityworks.testcases.AffinitiveTest" time="0">
    <skipped message="Skipping this exception"/>
  </testcase>
  <testcase name="verifyPageViewandReportTitle" classname="com.unityworks.testcases.AffinitiveTest" time="0">
    <skipped message="Skipping this exception"/>
  </testcase>
  <testcase name="verifyPageViewandReportTitle" classname="com.unityworks.testcases.AffinitiveTest" time="0">
    <skipped message="Skipping this exception"/>
  </testcase>
  <testcase name="verifyPageViewandReportTitle" classname="com.unityworks.testcases.AffinitiveTest" time="0">
    <skipped message="Skipping this exception"/>
  </testcase>
  <testcase name="verifyPageViewandReportTitle" classname="com.unityworks.testcases.AffinitiveTest" time="0">
    <skipped message="Skipping this exception"/>
  </testcase>
  <testcase name="verifyPageViewandReportTitle" classname="com.unityworks.testcases.AffinitiveTest" time="0">
    <skipped message="Skipping this exception"/>
  </testcase>
  <testcase name="verifyPageViewandReportTitle" classname="com.unityworks.testcases.AffinitiveTest" time="0">
    <skipped message="Skipping this exception"/>
  </testcase>
  <testcase name="verifyPageViewandReportTitle" classname="com.unityworks.testcases.AffinitiveTest" time="0">
    <skipped message="Skipping this exception"/>
  </testcase>
  <testcase name="verifyPageViewandReportTitle" classname="com.unityworks.testcases.AffinitiveTest" time="0">
    <skipped message="Skipping this exception"/>
  </testcase>
  <testcase name="verifyPageViewandReportTitle" classname="com.unityworks.testcases.AffinitiveTest" time="0">
    <skipped message="Skipping this exception"/>
  </testcase>
  <testcase name="verifyPageViewandReportTitle" classname="com.unityworks.testcases.AffinitiveTest" time="0">
    <skipped message="Skipping this exception"/>
  </testcase>
  <testcase name="verifyPageViewandReportTitle" classname="com.unityworks.testcases.AffinitiveTest" time="0">
    <skipped message="Skipping this exception"/>
  </testcase>
  <testcase name="verifyPageViewandReportTitle" classname="com.unityworks.testcases.AffinitiveTest" time="0">
    <skipped message="Skipping this exception"/>
  </testcase>
  <testcase name="verifyPageViewandReportTitle" classname="com.unityworks.testcases.AffinitiveTest" time="0">
    <skipped message="Skipping this exception"/>
  </testcase>
  <testcase name="verifyPageViewandReportTitle" classname="com.unityworks.testcases.AffinitiveTest" time="0">
    <skipped message="Skipping this exception"/>
  </testcase>
  <testcase name="verifyPageViewandReportTitle" classname="com.unityworks.testcases.AffinitiveTest" time="0">
    <skipped message="Skipping this exception"/>
  </testcase>
  <testcase name="verifyPageViewandReportTitle" classname="com.unityworks.testcases.AffinitiveTest" time="0">
    <skipped message="Skipping this exception"/>
  </testcase>
  <testcase name="verifyPageViewandReportTitle" classname="com.unityworks.testcases.AffinitiveTest" time="0">
    <skipped message="Skipping this exception"/>
  </testcase>
  <testcase name="verifyPageViewandReportTitle" classname="com.unityworks.testcases.AffinitiveTest" time="0">
    <skipped message="Skipping this exception"/>
  </testcase>
  <testcase name="verifyPageViewandReportTitle" classname="com.unityworks.testcases.AffinitiveTest" time="0">
    <skipped message="Skipping this exception"/>
  </testcase>
  <testcase name="verifyPageViewandReportTitle" classname="com.unityworks.testcases.AffinitiveTest" time="0">
    <skipped message="Skipping this exception"/>
  </testcase>
  <testcase name="verifyPageViewandReportTitle" classname="com.unityworks.testcases.AffinitiveTest" time="0">
    <skipped message="Skipping this exception"/>
  </testcase>
  <testcase name="verifyPageViewandReportTitle" classname="com.unityworks.testcases.AffinitiveTest" time="0">
    <skipped message="Skipping this exception"/>
  </testcase>
  <testcase name="verifyPageViewandReportTitle" classname="com.unityworks.testcases.AffinitiveTest" time="0">
    <skipped message="Skipping this exception"/>
  </testcase>
</testsuite>