<?xml version="1.0" encoding="UTF-8"?>
<!-- Generated by org.testng.reporters.JUnitReportReporter -->
<testsuite skipped="1" hostname="SEZ10AUTODATA" name="com.unityworks.testcases.AffinitiveTest" tests="2" failures="0" timestamp="03 May 2018 10:38:32 GMT" time="34.163" errors="0">
  <testcase name="doubleclickreportTest" time="0.001" classname="com.unityworks.testcases.AffinitiveTest">
    <skipped/>
  </testcase> <!-- doubleclickreportTest -->
  <testcase name="doubleclickreportTest" time="34.162" classname="com.unityworks.testcases.AffinitiveTest"/>
</testsuite> <!-- com.unityworks.testcases.AffinitiveTest -->
